<?xml version="1.0" encoding="UTF-8"?>
<testsuites name="Test Suite1" time="159.691" tests="2" failures="0" errors="0">
   <testsuite name="Test Suite1" tests="2" failures="0" errors="0" time="159.691" skipped="0" timestamp="2023-06-14 12:10:30" hostname="nikhita.ganvir - INBL01LAP30757.brd.g-c-i.com" id="Test Suites/Test Suite1">
      <properties>
[...]
</properties>
      <testcase name="Test Cases/Test Case1" time="76.493" classname="Test Cases/Test Case1" status="PASSED">
         <system-out><![CDATA[2023-06-14 12:10:31 - [TEST_CASE][PASSED] - Test Cases/Test Case1: Test Cases/Test Case1

2023-06-14 12:10:32 - [TEST_STEP][PASSED] - openBrowser(""): Browser is opened with url: ''

2023-06-14 12:10:33 - [MESSAGE][INFO] - User set preference: ['os', 'windows']

2023-06-14 12:10:33 - [MESSAGE][INFO] - User set preference: ['browserName', 'chrome']

2023-06-14 12:10:33 - [MESSAGE][INFO] - User set preference: ['browserVersion', '110']

2023-06-14 12:10:33 - [MESSAGE][INFO] - User set preference: ['katalon:option', '{organizationId=1191551, tunnelId=, usingTunnel=false}']

2023-06-14 12:10:33 - [MESSAGE][INFO] - Connecting to remote web server 'testcloud.katalon.com/hub' with type 'Selenium'

2023-06-14 12:10:34 - [MESSAGE][INFO] - Action delay is set to 0 milliseconds

2023-06-14 12:11:39 - [MESSAGE][PASSED] - Browser is opened with url: ''

2023-06-14 12:11:39 - [TEST_STEP][PASSED] - navigateToUrl("https://www.google.com"): Navigate to 'https://www.google.com' successfully

2023-06-14 12:11:42 - [MESSAGE][PASSED] - Navigate to 'https://www.google.com' successfully

2023-06-14 12:11:42 - [TEST_STEP][PASSED] - delay(3): Delayed 3 second(s)

2023-06-14 12:11:45 - [MESSAGE][PASSED] - Delayed 3 second(s)

2023-06-14 12:11:45 - [TEST_STEP][PASSED] - closeBrowser(): Browser is closed

2023-06-14 12:11:47 - [MESSAGE][PASSED] - Browser is closed]]></system-out>
         <system-err><![CDATA[]]></system-err>
      </testcase>
      <testcase name="Test Cases/Test Case2" time="82.699" classname="Test Cases/Test Case2" status="PASSED">
         <system-out><![CDATA[2023-06-14 12:11:47 - [TEST_CASE][PASSED] - Test Cases/Test Case2: Test Cases/Test Case2

2023-06-14 12:11:48 - [TEST_STEP][PASSED] - openBrowser(""): Browser is opened with url: ''

2023-06-14 12:11:48 - [MESSAGE][INFO] - User set preference: ['os', 'windows']

2023-06-14 12:11:48 - [MESSAGE][INFO] - User set preference: ['browserName', 'chrome']

2023-06-14 12:11:48 - [MESSAGE][INFO] - User set preference: ['browserVersion', '110']

2023-06-14 12:11:48 - [MESSAGE][INFO] - User set preference: ['katalon:option', '{organizationId=1191551, tunnelId=, usingTunnel=false}']

2023-06-14 12:11:48 - [MESSAGE][INFO] - Connecting to remote web server 'testcloud.katalon.com/hub' with type 'Selenium'

2023-06-14 12:11:48 - [MESSAGE][INFO] - Action delay is set to 0 milliseconds

2023-06-14 12:13:00 - [MESSAGE][PASSED] - Browser is opened with url: ''

2023-06-14 12:13:00 - [TEST_STEP][PASSED] - navigateToUrl("https://www.youtube.com"): Navigate to 'https://www.youtube.com' successfully

2023-06-14 12:13:04 - [MESSAGE][PASSED] - Navigate to 'https://www.youtube.com' successfully

2023-06-14 12:13:04 - [TEST_STEP][PASSED] - delay(3): Delayed 3 second(s)

2023-06-14 12:13:07 - [MESSAGE][PASSED] - Delayed 3 second(s)

2023-06-14 12:13:07 - [TEST_STEP][PASSED] - closeBrowser(): Browser is closed

2023-06-14 12:13:10 - [MESSAGE][PASSED] - Browser is closed]]></system-out>
         <system-err><![CDATA[]]></system-err>
      </testcase>
      <system-out><![CDATA[2023-06-14 12:10:30 - [TEST_SUITE][PASSED] - Test Suite1: Test Cases/Test Case2]]></system-out>
      <system-err><![CDATA[]]></system-err>
   </testsuite>
</testsuites>
