<?xml version="1.0" encoding="UTF-8"?>
<testsuites name="Test Suite1" time="174.79" tests="2" failures="0" errors="0">
   <testsuite name="Test Suite1" tests="2" failures="0" errors="0" time="174.79" skipped="0" timestamp="2023-06-14 12:55:59" hostname="nikhita.ganvir - INBL01LAP30757.brd.g-c-i.com" id="Test Suites/Test Suite1">
      <properties>
[...]
</properties>
      <testcase name="Test Cases/Test Case1" time="87.805" classname="Test Cases/Test Case1" status="PASSED">
         <system-out><![CDATA[2023-06-14 12:55:59 - [TEST_CASE][PASSED] - Test Cases/Test Case1: Test Cases/Test Case1

2023-06-14 12:56:00 - [TEST_STEP][PASSED] - openBrowser(""): Browser is opened with url: ''

2023-06-14 12:56:01 - [MESSAGE][INFO] - User set preference: ['os', 'windows']

2023-06-14 12:56:01 - [MESSAGE][INFO] - User set preference: ['browserName', 'chrome']

2023-06-14 12:56:01 - [MESSAGE][INFO] - User set preference: ['browserVersion', '110']

2023-06-14 12:56:01 - [MESSAGE][INFO] - User set preference: ['katalon:option', '{organizationId=1191551, tunnelId=, usingTunnel=false}']

2023-06-14 12:56:01 - [MESSAGE][INFO] - Connecting to remote web server 'testcloud.katalon.com/hub' with type 'Selenium'

2023-06-14 12:56:02 - [MESSAGE][INFO] - Action delay is set to 0 milliseconds

2023-06-14 12:57:12 - [MESSAGE][PASSED] - Browser is opened with url: ''

2023-06-14 12:57:12 - [TEST_STEP][PASSED] - navigateToUrl("https://www.google.com"): Navigate to 'https://www.google.com' successfully

2023-06-14 12:57:15 - [MESSAGE][PASSED] - Navigate to 'https://www.google.com' successfully

2023-06-14 12:57:15 - [TEST_STEP][PASSED] - delay(3): Delayed 3 second(s)

2023-06-14 12:57:18 - [MESSAGE][PASSED] - Delayed 3 second(s)

2023-06-14 12:57:18 - [TEST_STEP][PASSED] - closeBrowser(): Browser is closed

2023-06-14 12:57:27 - [MESSAGE][PASSED] - Browser is closed]]></system-out>
         <system-err><![CDATA[]]></system-err>
      </testcase>
      <testcase name="Test Cases/Test Case2" time="86.512" classname="Test Cases/Test Case2" status="PASSED">
         <system-out><![CDATA[2023-06-14 12:57:27 - [TEST_CASE][PASSED] - Test Cases/Test Case2: Test Cases/Test Case2

2023-06-14 12:57:28 - [TEST_STEP][PASSED] - openBrowser(""): Browser is opened with url: ''

2023-06-14 12:57:28 - [MESSAGE][INFO] - User set preference: ['os', 'windows']

2023-06-14 12:57:28 - [MESSAGE][INFO] - User set preference: ['browserName', 'chrome']

2023-06-14 12:57:28 - [MESSAGE][INFO] - User set preference: ['browserVersion', '110']

2023-06-14 12:57:28 - [MESSAGE][INFO] - User set preference: ['katalon:option', '{organizationId=1191551, tunnelId=, usingTunnel=false}']

2023-06-14 12:57:28 - [MESSAGE][INFO] - Connecting to remote web server 'testcloud.katalon.com/hub' with type 'Selenium'

2023-06-14 12:57:28 - [MESSAGE][INFO] - Action delay is set to 0 milliseconds

2023-06-14 12:58:40 - [MESSAGE][PASSED] - Browser is opened with url: ''

2023-06-14 12:58:40 - [TEST_STEP][PASSED] - navigateToUrl("https://www.youtube.com"): Navigate to 'https://www.youtube.com' successfully

2023-06-14 12:58:46 - [MESSAGE][PASSED] - Navigate to 'https://www.youtube.com' successfully

2023-06-14 12:58:46 - [TEST_STEP][PASSED] - delay(3): Delayed 3 second(s)

2023-06-14 12:58:49 - [MESSAGE][PASSED] - Delayed 3 second(s)

2023-06-14 12:58:49 - [TEST_STEP][PASSED] - closeBrowser(): Browser is closed

2023-06-14 12:58:54 - [MESSAGE][PASSED] - Browser is closed]]></system-out>
         <system-err><![CDATA[]]></system-err>
      </testcase>
      <system-out><![CDATA[2023-06-14 12:55:59 - [TEST_SUITE][PASSED] - Test Suite1: Test Cases/Test Case2]]></system-out>
      <system-err><![CDATA[]]></system-err>
   </testsuite>
</testsuites>
