<?xml version="1.0" encoding="UTF-8"?>
<testsuites name="Test Suite2" time="195.538" tests="2" failures="0" errors="0">
   <testsuite name="Test Suite2" tests="2" failures="0" errors="0" time="195.538" skipped="0" timestamp="2023-06-14 11:36:21" hostname="nikhita.ganvir - INBL01LAP30757.brd.g-c-i.com" id="Test Suites/Test Suite2">
      <properties>
[...]
</properties>
      <testcase name="Test Cases/Test Case1" time="81.69" classname="Test Cases/Test Case1" status="PASSED">
         <system-out><![CDATA[2023-06-14 11:36:21 - [TEST_CASE][PASSED] - Test Cases/Test Case1: Test Cases/Test Case1

2023-06-14 11:36:22 - [TEST_STEP][PASSED] - openBrowser(""): Browser is opened with url: ''

2023-06-14 11:36:23 - [MESSAGE][INFO] - User set preference: ['os', 'windows']

2023-06-14 11:36:23 - [MESSAGE][INFO] - User set preference: ['browserName', 'chrome']

2023-06-14 11:36:23 - [MESSAGE][INFO] - User set preference: ['browserVersion', '110']

2023-06-14 11:36:23 - [MESSAGE][INFO] - User set preference: ['katalon:option', '{organizationId=1191551, tunnelId=, usingTunnel=false}']

2023-06-14 11:36:23 - [MESSAGE][INFO] - Connecting to remote web server 'testcloud.katalon.com/hub' with type 'Selenium'

2023-06-14 11:36:24 - [MESSAGE][INFO] - Action delay is set to 0 milliseconds

2023-06-14 11:37:32 - [MESSAGE][PASSED] - Browser is opened with url: ''

2023-06-14 11:37:32 - [TEST_STEP][PASSED] - navigateToUrl("https://www.google.com"): Navigate to 'https://www.google.com' successfully

2023-06-14 11:37:36 - [MESSAGE][PASSED] - Navigate to 'https://www.google.com' successfully

2023-06-14 11:37:36 - [TEST_STEP][PASSED] - delay(3): Delayed 3 second(s)

2023-06-14 11:37:39 - [MESSAGE][PASSED] - Delayed 3 second(s)

2023-06-14 11:37:39 - [TEST_STEP][PASSED] - closeBrowser(): Browser is closed

2023-06-14 11:37:43 - [MESSAGE][PASSED] - Browser is closed]]></system-out>
         <system-err><![CDATA[]]></system-err>
      </testcase>
      <testcase name="Test Cases/Test Case3" time="113.313" classname="Test Cases/Test Case3" status="PASSED">
         <system-out><![CDATA[2023-06-14 11:37:43 - [TEST_CASE][PASSED] - Test Cases/Test Case3: Test Cases/Test Case3

2023-06-14 11:37:43 - [TEST_STEP][PASSED] - openBrowser(""): Browser is opened with url: ''

2023-06-14 11:37:43 - [MESSAGE][INFO] - User set preference: ['os', 'windows']

2023-06-14 11:37:43 - [MESSAGE][INFO] - User set preference: ['browserName', 'chrome']

2023-06-14 11:37:43 - [MESSAGE][INFO] - User set preference: ['browserVersion', '110']

2023-06-14 11:37:43 - [MESSAGE][INFO] - User set preference: ['katalon:option', '{organizationId=1191551, tunnelId=, usingTunnel=false}']

2023-06-14 11:37:43 - [MESSAGE][INFO] - Connecting to remote web server 'testcloud.katalon.com/hub' with type 'Selenium'

2023-06-14 11:37:43 - [MESSAGE][INFO] - Action delay is set to 0 milliseconds

2023-06-14 11:39:02 - [MESSAGE][PASSED] - Browser is opened with url: ''

2023-06-14 11:39:02 - [TEST_STEP][PASSED] - maximizeWindow(): Current window maximized

2023-06-14 11:39:03 - [MESSAGE][PASSED] - Current window maximized

2023-06-14 11:39:03 - [TEST_STEP][PASSED] - navigateToUrl("http://www.webdriveruniversity.com/Contact-Us/contactus.html"): Navigate to 'http://www.webdriveruniversity.com/Contact-Us/contactus.html' successfully

2023-06-14 11:39:05 - [MESSAGE][PASSED] - Navigate to 'http://www.webdriveruniversity.com/Contact-Us/contactus.html' successfully

2023-06-14 11:39:05 - [TEST_STEP][PASSED] - setText(findTestObject("Object Repository/contacUS/Page_WebDriver  Contact Us/input_CONTACT US_first_name"), "Nikhita"): Text 'Nikhita' is set on object 'Object Repository/contacUS/Page_WebDriver  Contact Us/input_CONTACT US_first_name'

2023-06-14 11:39:11 - [MESSAGE][PASSED] - Text 'Nikhita' is set on object 'Object Repository/contacUS/Page_WebDriver  Contact Us/input_CONTACT US_first_name'

2023-06-14 11:39:11 - [TEST_STEP][PASSED] - setText(findTestObject("Object Repository/contacUS/Page_WebDriver  Contact Us/input_CONTACT US_last_name"), "Ganvir"): Text 'Ganvir' is set on object 'Object Repository/contacUS/Page_WebDriver  Contact Us/input_CONTACT US_last_name'

2023-06-14 11:39:17 - [MESSAGE][PASSED] - Text 'Ganvir' is set on object 'Object Repository/contacUS/Page_WebDriver  Contact Us/input_CONTACT US_last_name'

2023-06-14 11:39:17 - [TEST_STEP][PASSED] - setText(findTestObject("Object Repository/contacUS/Page_WebDriver  Contact Us/input_CONTACT US_email"), "abc@gmail.com"): Text 'abc@gmail.com' is set on object 'Object Repository/contacUS/Page_WebDriver  Contact Us/input_CONTACT US_email'

2023-06-14 11:39:23 - [MESSAGE][PASSED] - Text 'abc@gmail.com' is set on object 'Object Repository/contacUS/Page_WebDriver  Contact Us/input_CONTACT US_email'

2023-06-14 11:39:23 - [TEST_STEP][PASSED] - setText(findTestObject("Object Repository/contacUS/Page_WebDriver  Contact Us/textarea_CONTACT US_message"), "I am learning Katalon."): Text 'I am learning Katalon.' is set on object 'Object Repository/contacUS/Page_WebDriver  Contact Us/textarea_CONTACT US_message'

2023-06-14 11:39:28 - [MESSAGE][PASSED] - Text 'I am learning Katalon.' is set on object 'Object Repository/contacUS/Page_WebDriver  Contact Us/textarea_CONTACT US_message'

2023-06-14 11:39:28 - [TEST_STEP][PASSED] - click(findTestObject("Object Repository/contacUS/Page_WebDriver  Contact Us/input_CONTACT US_contact_button")): Object: 'Object Repository/contacUS/Page_WebDriver  Contact Us/input_CONTACT US_contact_button' is clicked on

2023-06-14 11:39:32 - [MESSAGE][PASSED] - Object: 'Object Repository/contacUS/Page_WebDriver  Contact Us/input_CONTACT US_contact_button' is clicked on

2023-06-14 11:39:32 - [TEST_STEP][PASSED] - click(findTestObject("Object Repository/contacUS/Page_Gianni Bruno - Designer/h1_Thank You for your Message")): Object: 'Object Repository/contacUS/Page_Gianni Bruno - Designer/h1_Thank You for your Message' is clicked on

2023-06-14 11:39:34 - [MESSAGE][PASSED] - Object: 'Object Repository/contacUS/Page_Gianni Bruno - Designer/h1_Thank You for your Message' is clicked on

2023-06-14 11:39:34 - [TEST_STEP][PASSED] - closeBrowser(): Browser is closed

2023-06-14 11:39:36 - [MESSAGE][PASSED] - Browser is closed]]></system-out>
         <system-err><![CDATA[]]></system-err>
      </testcase>
      <system-out><![CDATA[2023-06-14 11:36:21 - [TEST_SUITE][PASSED] - Test Suite2: Test Cases/Test Case3]]></system-out>
      <system-err><![CDATA[]]></system-err>
   </testsuite>
</testsuites>
