<?xml version="1.0" encoding="UTF-8"?>
<testsuites name="Test Suite Collection4" time="418.897" tests="4" failures="0" errors="0">
   <testsuite name="Test Suite1" tests="2" failures="0" errors="0" time="174.79" skipped="0" timestamp="2023-06-14 12:55:59" hostname="nikhita.ganvir - INBL01LAP30757.brd.g-c-i.com" id="Test Suites/Test Suite1">
      <properties>
[...]
</properties>
      <testcase name="Test Cases/Test Case1" time="87.805" classname="Test Cases/Test Case1" status="PASSED">
         <system-out><![CDATA[2023-06-14 12:55:59 - [TEST_CASE][PASSED] - Test Cases/Test Case1: Test Cases/Test Case1

2023-06-14 12:56:00 - [TEST_STEP][PASSED] - openBrowser(""): Browser is opened with url: ''

2023-06-14 12:56:01 - [MESSAGE][INFO] - User set preference: ['os', 'windows']

2023-06-14 12:56:01 - [MESSAGE][INFO] - User set preference: ['browserName', 'chrome']

2023-06-14 12:56:01 - [MESSAGE][INFO] - User set preference: ['browserVersion', '110']

2023-06-14 12:56:01 - [MESSAGE][INFO] - User set preference: ['katalon:option', '{organizationId=1191551, tunnelId=, usingTunnel=false}']

2023-06-14 12:56:01 - [MESSAGE][INFO] - Connecting to remote web server 'testcloud.katalon.com/hub' with type 'Selenium'

2023-06-14 12:56:02 - [MESSAGE][INFO] - Action delay is set to 0 milliseconds

2023-06-14 12:57:12 - [MESSAGE][PASSED] - Browser is opened with url: ''

2023-06-14 12:57:12 - [TEST_STEP][PASSED] - navigateToUrl("https://www.google.com"): Navigate to 'https://www.google.com' successfully

2023-06-14 12:57:15 - [MESSAGE][PASSED] - Navigate to 'https://www.google.com' successfully

2023-06-14 12:57:15 - [TEST_STEP][PASSED] - delay(3): Delayed 3 second(s)

2023-06-14 12:57:18 - [MESSAGE][PASSED] - Delayed 3 second(s)

2023-06-14 12:57:18 - [TEST_STEP][PASSED] - closeBrowser(): Browser is closed

2023-06-14 12:57:27 - [MESSAGE][PASSED] - Browser is closed]]></system-out>
         <system-err><![CDATA[]]></system-err>
      </testcase>
      <testcase name="Test Cases/Test Case2" time="86.512" classname="Test Cases/Test Case2" status="PASSED">
         <system-out><![CDATA[2023-06-14 12:57:27 - [TEST_CASE][PASSED] - Test Cases/Test Case2: Test Cases/Test Case2

2023-06-14 12:57:28 - [TEST_STEP][PASSED] - openBrowser(""): Browser is opened with url: ''

2023-06-14 12:57:28 - [MESSAGE][INFO] - User set preference: ['os', 'windows']

2023-06-14 12:57:28 - [MESSAGE][INFO] - User set preference: ['browserName', 'chrome']

2023-06-14 12:57:28 - [MESSAGE][INFO] - User set preference: ['browserVersion', '110']

2023-06-14 12:57:28 - [MESSAGE][INFO] - User set preference: ['katalon:option', '{organizationId=1191551, tunnelId=, usingTunnel=false}']

2023-06-14 12:57:28 - [MESSAGE][INFO] - Connecting to remote web server 'testcloud.katalon.com/hub' with type 'Selenium'

2023-06-14 12:57:28 - [MESSAGE][INFO] - Action delay is set to 0 milliseconds

2023-06-14 12:58:40 - [MESSAGE][PASSED] - Browser is opened with url: ''

2023-06-14 12:58:40 - [TEST_STEP][PASSED] - navigateToUrl("https://www.youtube.com"): Navigate to 'https://www.youtube.com' successfully

2023-06-14 12:58:46 - [MESSAGE][PASSED] - Navigate to 'https://www.youtube.com' successfully

2023-06-14 12:58:46 - [TEST_STEP][PASSED] - delay(3): Delayed 3 second(s)

2023-06-14 12:58:49 - [MESSAGE][PASSED] - Delayed 3 second(s)

2023-06-14 12:58:49 - [TEST_STEP][PASSED] - closeBrowser(): Browser is closed

2023-06-14 12:58:54 - [MESSAGE][PASSED] - Browser is closed]]></system-out>
         <system-err><![CDATA[]]></system-err>
      </testcase>
      <system-out><![CDATA[2023-06-14 12:55:59 - [TEST_SUITE][PASSED] - Test Suite1: Test Cases/Test Case2]]></system-out>
      <system-err><![CDATA[]]></system-err>
   </testsuite>
   <testsuite name="Test Suite4" tests="2" failures="0" errors="0" time="200.943" skipped="0" timestamp="2023-06-14 12:59:18" hostname="nikhita.ganvir - INBL01LAP30757.brd.g-c-i.com" id="Test Suites/Test Suite4">
      <properties>
[...]
</properties>
      <testcase name="Test Cases/Test Case3" time="98.948" classname="Test Cases/Test Case3" status="PASSED">
         <system-out><![CDATA[2023-06-14 12:59:18 - [TEST_CASE][PASSED] - Test Cases/Test Case3: Test Cases/Test Case3

2023-06-14 12:59:19 - [TEST_STEP][PASSED] - openBrowser(""): Browser is opened with url: ''

2023-06-14 12:59:19 - [MESSAGE][INFO] - User set preference: ['os', 'windows']

2023-06-14 12:59:19 - [MESSAGE][INFO] - User set preference: ['browserName', 'chrome']

2023-06-14 12:59:19 - [MESSAGE][INFO] - User set preference: ['browserVersion', '110']

2023-06-14 12:59:19 - [MESSAGE][INFO] - User set preference: ['katalon:option', '{organizationId=1191551, tunnelId=, usingTunnel=false}']

2023-06-14 12:59:19 - [MESSAGE][INFO] - Connecting to remote web server 'testcloud.katalon.com/hub' with type 'Selenium'

2023-06-14 12:59:20 - [MESSAGE][INFO] - Action delay is set to 0 milliseconds

2023-06-14 13:00:23 - [MESSAGE][PASSED] - Browser is opened with url: ''

2023-06-14 13:00:23 - [TEST_STEP][PASSED] - maximizeWindow(): Current window maximized

2023-06-14 13:00:24 - [MESSAGE][PASSED] - Current window maximized

2023-06-14 13:00:24 - [TEST_STEP][PASSED] - navigateToUrl("http://www.webdriveruniversity.com/Contact-Us/contactus.html"): Navigate to 'http://www.webdriveruniversity.com/Contact-Us/contactus.html' successfully

2023-06-14 13:00:26 - [MESSAGE][PASSED] - Navigate to 'http://www.webdriveruniversity.com/Contact-Us/contactus.html' successfully

2023-06-14 13:00:26 - [TEST_STEP][PASSED] - setText(findTestObject("Object Repository/contacUS/Page_WebDriver  Contact Us/input_CONTACT US_first_name"), "Nikhita"): Text 'Nikhita' is set on object 'Object Repository/contacUS/Page_WebDriver  Contact Us/input_CONTACT US_first_name'

2023-06-14 13:00:32 - [MESSAGE][PASSED] - Text 'Nikhita' is set on object 'Object Repository/contacUS/Page_WebDriver  Contact Us/input_CONTACT US_first_name'

2023-06-14 13:00:32 - [TEST_STEP][PASSED] - setText(findTestObject("Object Repository/contacUS/Page_WebDriver  Contact Us/input_CONTACT US_last_name"), "Ganvir"): Text 'Ganvir' is set on object 'Object Repository/contacUS/Page_WebDriver  Contact Us/input_CONTACT US_last_name'

2023-06-14 13:00:38 - [MESSAGE][PASSED] - Text 'Ganvir' is set on object 'Object Repository/contacUS/Page_WebDriver  Contact Us/input_CONTACT US_last_name'

2023-06-14 13:00:38 - [TEST_STEP][PASSED] - setText(findTestObject("Object Repository/contacUS/Page_WebDriver  Contact Us/input_CONTACT US_email"), "abc@gmail.com"): Text 'abc@gmail.com' is set on object 'Object Repository/contacUS/Page_WebDriver  Contact Us/input_CONTACT US_email'

2023-06-14 13:00:44 - [MESSAGE][PASSED] - Text 'abc@gmail.com' is set on object 'Object Repository/contacUS/Page_WebDriver  Contact Us/input_CONTACT US_email'

2023-06-14 13:00:44 - [TEST_STEP][PASSED] - setText(findTestObject("Object Repository/contacUS/Page_WebDriver  Contact Us/textarea_CONTACT US_message"), "I am learning Katalon."): Text 'I am learning Katalon.' is set on object 'Object Repository/contacUS/Page_WebDriver  Contact Us/textarea_CONTACT US_message'

2023-06-14 13:00:50 - [MESSAGE][PASSED] - Text 'I am learning Katalon.' is set on object 'Object Repository/contacUS/Page_WebDriver  Contact Us/textarea_CONTACT US_message'

2023-06-14 13:00:50 - [TEST_STEP][PASSED] - click(findTestObject("Object Repository/contacUS/Page_WebDriver  Contact Us/input_CONTACT US_contact_button")): Object: 'Object Repository/contacUS/Page_WebDriver  Contact Us/input_CONTACT US_contact_button' is clicked on

2023-06-14 13:00:53 - [MESSAGE][PASSED] - Object: 'Object Repository/contacUS/Page_WebDriver  Contact Us/input_CONTACT US_contact_button' is clicked on

2023-06-14 13:00:53 - [TEST_STEP][PASSED] - click(findTestObject("Object Repository/contacUS/Page_Gianni Bruno - Designer/h1_Thank You for your Message")): Object: 'Object Repository/contacUS/Page_Gianni Bruno - Designer/h1_Thank You for your Message' is clicked on

2023-06-14 13:00:56 - [MESSAGE][PASSED] - Object: 'Object Repository/contacUS/Page_Gianni Bruno - Designer/h1_Thank You for your Message' is clicked on

2023-06-14 13:00:56 - [TEST_STEP][PASSED] - closeBrowser(): Browser is closed

2023-06-14 13:00:57 - [MESSAGE][PASSED] - Browser is closed]]></system-out>
         <system-err><![CDATA[]]></system-err>
      </testcase>
      <testcase name="Test Cases/Test Case4" time="101.559" classname="Test Cases/Test Case4" status="PASSED">
         <system-out><![CDATA[2023-06-14 13:00:57 - [TEST_CASE][PASSED] - Test Cases/Test Case4: Test Cases/Test Case4

2023-06-14 13:00:57 - [TEST_STEP][PASSED] - openBrowser(""): Browser is opened with url: ''

2023-06-14 13:00:57 - [MESSAGE][INFO] - User set preference: ['os', 'windows']

2023-06-14 13:00:57 - [MESSAGE][INFO] - User set preference: ['browserName', 'chrome']

2023-06-14 13:00:57 - [MESSAGE][INFO] - User set preference: ['browserVersion', '110']

2023-06-14 13:00:57 - [MESSAGE][INFO] - User set preference: ['katalon:option', '{organizationId=1191551, tunnelId=, usingTunnel=false}']

2023-06-14 13:00:57 - [MESSAGE][INFO] - Connecting to remote web server 'testcloud.katalon.com/hub' with type 'Selenium'

2023-06-14 13:00:57 - [MESSAGE][INFO] - Action delay is set to 0 milliseconds

2023-06-14 13:02:11 - [MESSAGE][PASSED] - Browser is opened with url: ''

2023-06-14 13:02:11 - [TEST_STEP][PASSED] - maximizeWindow(): Current window maximized

2023-06-14 13:02:12 - [MESSAGE][PASSED] - Current window maximized

2023-06-14 13:02:12 - [TEST_STEP][PASSED] - navigateToUrl("https://opensource-demo.orangehrmlive.com/web/index.php/auth/login"): Navigate to 'https://opensource-demo.orangehrmlive.com/web/index.php/auth/login' successfully

2023-06-14 13:02:15 - [MESSAGE][PASSED] - Navigate to 'https://opensource-demo.orangehrmlive.com/web/index.php/auth/login' successfully

2023-06-14 13:02:15 - [TEST_STEP][PASSED] - setText(findTestObject("Object Repository/orangeHRM/Page_OrangeHRM/input_Username_username"), "Admin"): Text 'Admin' is set on object 'Object Repository/orangeHRM/Page_OrangeHRM/input_Username_username'

2023-06-14 13:02:20 - [MESSAGE][PASSED] - Text 'Admin' is set on object 'Object Repository/orangeHRM/Page_OrangeHRM/input_Username_username'

2023-06-14 13:02:20 - [TEST_STEP][PASSED] - setEncryptedText(findTestObject("Object Repository/orangeHRM/Page_OrangeHRM/input_Password_password"), "hUKwJTbofgPU9eVlw/CnDQ=="): Text ****** has been set on object 'Object Repository/orangeHRM/Page_OrangeHRM/input_Password_password'

2023-06-14 13:02:24 - [MESSAGE][PASSED] - Text ****** has been set on object 'Object Repository/orangeHRM/Page_OrangeHRM/input_Password_password'

2023-06-14 13:02:24 - [TEST_STEP][PASSED] - click(findTestObject("Object Repository/orangeHRM/Page_OrangeHRM/button_Login")): Object: 'Object Repository/orangeHRM/Page_OrangeHRM/button_Login' is clicked on

2023-06-14 13:02:29 - [MESSAGE][PASSED] - Object: 'Object Repository/orangeHRM/Page_OrangeHRM/button_Login' is clicked on

2023-06-14 13:02:29 - [TEST_STEP][PASSED] - click(findTestObject("Object Repository/orangeHRM/Page_OrangeHRM/h6_Dashboard")): Object: 'Object Repository/orangeHRM/Page_OrangeHRM/h6_Dashboard' is clicked on

2023-06-14 13:02:33 - [MESSAGE][PASSED] - Object: 'Object Repository/orangeHRM/Page_OrangeHRM/h6_Dashboard' is clicked on

2023-06-14 13:02:33 - [TEST_STEP][PASSED] - closeBrowser(): Browser is closed

2023-06-14 13:02:39 - [MESSAGE][PASSED] - Browser is closed]]></system-out>
         <system-err><![CDATA[]]></system-err>
      </testcase>
      <system-out><![CDATA[2023-06-14 12:59:18 - [TEST_SUITE][PASSED] - Test Suite4: Test Cases/Test Case4]]></system-out>
      <system-err><![CDATA[]]></system-err>
   </testsuite>
</testsuites>
