<?xml version="1.0" encoding="UTF-8"?>
<testsuites name="Test Suite4" time="195.598" tests="2" failures="0" errors="0">
   <testsuite name="Test Suite4" tests="2" failures="0" errors="0" time="195.598" skipped="0" timestamp="2023-06-14 11:51:14" hostname="nikhita.ganvir - INBL01LAP30757.brd.g-c-i.com" id="Test Suites/Test Suite4">
      <properties>
[...]
</properties>
      <testcase name="Test Cases/Test Case3" time="105.968" classname="Test Cases/Test Case3" status="PASSED">
         <system-out><![CDATA[2023-06-14 11:51:15 - [TEST_CASE][PASSED] - Test Cases/Test Case3: Test Cases/Test Case3

2023-06-14 11:51:16 - [TEST_STEP][PASSED] - openBrowser(""): Browser is opened with url: ''

2023-06-14 11:51:16 - [MESSAGE][INFO] - User set preference: ['os', 'windows']

2023-06-14 11:51:16 - [MESSAGE][INFO] - User set preference: ['browserName', 'chrome']

2023-06-14 11:51:16 - [MESSAGE][INFO] - User set preference: ['browserVersion', '110']

2023-06-14 11:51:16 - [MESSAGE][INFO] - User set preference: ['katalon:option', '{organizationId=1191551, tunnelId=, usingTunnel=false}']

2023-06-14 11:51:16 - [MESSAGE][INFO] - Connecting to remote web server 'testcloud.katalon.com/hub' with type 'Selenium'

2023-06-14 11:51:17 - [MESSAGE][INFO] - Action delay is set to 0 milliseconds

2023-06-14 11:52:27 - [MESSAGE][PASSED] - Browser is opened with url: ''

2023-06-14 11:52:27 - [TEST_STEP][PASSED] - maximizeWindow(): Current window maximized

2023-06-14 11:52:27 - [MESSAGE][PASSED] - Current window maximized

2023-06-14 11:52:27 - [TEST_STEP][PASSED] - navigateToUrl("http://www.webdriveruniversity.com/Contact-Us/contactus.html"): Navigate to 'http://www.webdriveruniversity.com/Contact-Us/contactus.html' successfully

2023-06-14 11:52:29 - [MESSAGE][PASSED] - Navigate to 'http://www.webdriveruniversity.com/Contact-Us/contactus.html' successfully

2023-06-14 11:52:29 - [TEST_STEP][PASSED] - setText(findTestObject("Object Repository/contacUS/Page_WebDriver  Contact Us/input_CONTACT US_first_name"), "Nikhita"): Text 'Nikhita' is set on object 'Object Repository/contacUS/Page_WebDriver  Contact Us/input_CONTACT US_first_name'

2023-06-14 11:52:35 - [MESSAGE][PASSED] - Text 'Nikhita' is set on object 'Object Repository/contacUS/Page_WebDriver  Contact Us/input_CONTACT US_first_name'

2023-06-14 11:52:35 - [TEST_STEP][PASSED] - setText(findTestObject("Object Repository/contacUS/Page_WebDriver  Contact Us/input_CONTACT US_last_name"), "Ganvir"): Text 'Ganvir' is set on object 'Object Repository/contacUS/Page_WebDriver  Contact Us/input_CONTACT US_last_name'

2023-06-14 11:52:41 - [MESSAGE][PASSED] - Text 'Ganvir' is set on object 'Object Repository/contacUS/Page_WebDriver  Contact Us/input_CONTACT US_last_name'

2023-06-14 11:52:41 - [TEST_STEP][PASSED] - setText(findTestObject("Object Repository/contacUS/Page_WebDriver  Contact Us/input_CONTACT US_email"), "abc@gmail.com"): Text 'abc@gmail.com' is set on object 'Object Repository/contacUS/Page_WebDriver  Contact Us/input_CONTACT US_email'

2023-06-14 11:52:47 - [MESSAGE][PASSED] - Text 'abc@gmail.com' is set on object 'Object Repository/contacUS/Page_WebDriver  Contact Us/input_CONTACT US_email'

2023-06-14 11:52:47 - [TEST_STEP][PASSED] - setText(findTestObject("Object Repository/contacUS/Page_WebDriver  Contact Us/textarea_CONTACT US_message"), "I am learning Katalon."): Text 'I am learning Katalon.' is set on object 'Object Repository/contacUS/Page_WebDriver  Contact Us/textarea_CONTACT US_message'

2023-06-14 11:52:53 - [MESSAGE][PASSED] - Text 'I am learning Katalon.' is set on object 'Object Repository/contacUS/Page_WebDriver  Contact Us/textarea_CONTACT US_message'

2023-06-14 11:52:53 - [TEST_STEP][PASSED] - click(findTestObject("Object Repository/contacUS/Page_WebDriver  Contact Us/input_CONTACT US_contact_button")): Object: 'Object Repository/contacUS/Page_WebDriver  Contact Us/input_CONTACT US_contact_button' is clicked on

2023-06-14 11:52:56 - [MESSAGE][PASSED] - Object: 'Object Repository/contacUS/Page_WebDriver  Contact Us/input_CONTACT US_contact_button' is clicked on

2023-06-14 11:52:56 - [TEST_STEP][PASSED] - click(findTestObject("Object Repository/contacUS/Page_Gianni Bruno - Designer/h1_Thank You for your Message")): Object: 'Object Repository/contacUS/Page_Gianni Bruno - Designer/h1_Thank You for your Message' is clicked on

2023-06-14 11:52:59 - [MESSAGE][PASSED] - Object: 'Object Repository/contacUS/Page_Gianni Bruno - Designer/h1_Thank You for your Message' is clicked on

2023-06-14 11:52:59 - [TEST_STEP][PASSED] - closeBrowser(): Browser is closed

2023-06-14 11:53:01 - [MESSAGE][PASSED] - Browser is closed]]></system-out>
         <system-err><![CDATA[]]></system-err>
      </testcase>
      <testcase name="Test Cases/Test Case4" time="89.109" classname="Test Cases/Test Case4" status="PASSED">
         <system-out><![CDATA[2023-06-14 11:53:01 - [TEST_CASE][PASSED] - Test Cases/Test Case4: Test Cases/Test Case4

2023-06-14 11:53:01 - [TEST_STEP][PASSED] - openBrowser(""): Browser is opened with url: ''

2023-06-14 11:53:01 - [MESSAGE][INFO] - User set preference: ['os', 'windows']

2023-06-14 11:53:01 - [MESSAGE][INFO] - User set preference: ['browserName', 'chrome']

2023-06-14 11:53:01 - [MESSAGE][INFO] - User set preference: ['browserVersion', '110']

2023-06-14 11:53:01 - [MESSAGE][INFO] - User set preference: ['katalon:option', '{organizationId=1191551, tunnelId=, usingTunnel=false}']

2023-06-14 11:53:01 - [MESSAGE][INFO] - Connecting to remote web server 'testcloud.katalon.com/hub' with type 'Selenium'

2023-06-14 11:53:01 - [MESSAGE][INFO] - Action delay is set to 0 milliseconds

2023-06-14 11:54:07 - [MESSAGE][PASSED] - Browser is opened with url: ''

2023-06-14 11:54:07 - [TEST_STEP][PASSED] - maximizeWindow(): Current window maximized

2023-06-14 11:54:08 - [MESSAGE][PASSED] - Current window maximized

2023-06-14 11:54:08 - [TEST_STEP][PASSED] - navigateToUrl("https://opensource-demo.orangehrmlive.com/web/index.php/auth/login"): Navigate to 'https://opensource-demo.orangehrmlive.com/web/index.php/auth/login' successfully

2023-06-14 11:54:11 - [MESSAGE][PASSED] - Navigate to 'https://opensource-demo.orangehrmlive.com/web/index.php/auth/login' successfully

2023-06-14 11:54:11 - [TEST_STEP][PASSED] - setText(findTestObject("Object Repository/orangeHRM/Page_OrangeHRM/input_Username_username"), "Admin"): Text 'Admin' is set on object 'Object Repository/orangeHRM/Page_OrangeHRM/input_Username_username'

2023-06-14 11:54:16 - [MESSAGE][PASSED] - Text 'Admin' is set on object 'Object Repository/orangeHRM/Page_OrangeHRM/input_Username_username'

2023-06-14 11:54:16 - [TEST_STEP][PASSED] - setEncryptedText(findTestObject("Object Repository/orangeHRM/Page_OrangeHRM/input_Password_password"), "hUKwJTbofgPU9eVlw/CnDQ=="): Text ****** has been set on object 'Object Repository/orangeHRM/Page_OrangeHRM/input_Password_password'

2023-06-14 11:54:20 - [MESSAGE][PASSED] - Text ****** has been set on object 'Object Repository/orangeHRM/Page_OrangeHRM/input_Password_password'

2023-06-14 11:54:20 - [TEST_STEP][PASSED] - click(findTestObject("Object Repository/orangeHRM/Page_OrangeHRM/button_Login")): Object: 'Object Repository/orangeHRM/Page_OrangeHRM/button_Login' is clicked on

2023-06-14 11:54:25 - [MESSAGE][PASSED] - Object: 'Object Repository/orangeHRM/Page_OrangeHRM/button_Login' is clicked on

2023-06-14 11:54:25 - [TEST_STEP][PASSED] - click(findTestObject("Object Repository/orangeHRM/Page_OrangeHRM/h6_Dashboard")): Object: 'Object Repository/orangeHRM/Page_OrangeHRM/h6_Dashboard' is clicked on

2023-06-14 11:54:28 - [MESSAGE][PASSED] - Object: 'Object Repository/orangeHRM/Page_OrangeHRM/h6_Dashboard' is clicked on

2023-06-14 11:54:28 - [TEST_STEP][PASSED] - closeBrowser(): Browser is closed

2023-06-14 11:54:30 - [MESSAGE][PASSED] - Browser is closed]]></system-out>
         <system-err><![CDATA[]]></system-err>
      </testcase>
      <system-out><![CDATA[2023-06-14 11:51:14 - [TEST_SUITE][PASSED] - Test Suite4: Test Cases/Test Case4]]></system-out>
      <system-err><![CDATA[]]></system-err>
   </testsuite>
</testsuites>
