<?xml version="1.0" encoding="UTF-8"?>
<testsuites name="Test Suite Collection2" time="412.051" tests="4" failures="0" errors="0">
   <testsuite name="Test Suite2" tests="2" failures="0" errors="0" time="176.192" skipped="0" timestamp="2023-06-14 12:22:04" hostname="nikhita.ganvir - INBL01LAP30757.brd.g-c-i.com" id="Test Suites/Test Suite2">
      <properties>
[...]
</properties>
      <testcase name="Test Cases/Test Case1" time="80.386" classname="Test Cases/Test Case1" status="PASSED">
         <system-out><![CDATA[2023-06-14 12:22:04 - [TEST_CASE][PASSED] - Test Cases/Test Case1: Test Cases/Test Case1

2023-06-14 12:22:05 - [TEST_STEP][PASSED] - openBrowser(""): Browser is opened with url: ''

2023-06-14 12:22:06 - [MESSAGE][INFO] - User set preference: ['os', 'windows']

2023-06-14 12:22:06 - [MESSAGE][INFO] - User set preference: ['browserName', 'chrome']

2023-06-14 12:22:06 - [MESSAGE][INFO] - User set preference: ['browserVersion', '110']

2023-06-14 12:22:06 - [MESSAGE][INFO] - User set preference: ['katalon:option', '{organizationId=1191551, tunnelId=, usingTunnel=false}']

2023-06-14 12:22:06 - [MESSAGE][INFO] - Connecting to remote web server 'testcloud.katalon.com/hub' with type 'Selenium'

2023-06-14 12:22:07 - [MESSAGE][INFO] - Action delay is set to 0 milliseconds

2023-06-14 12:23:14 - [MESSAGE][PASSED] - Browser is opened with url: ''

2023-06-14 12:23:14 - [TEST_STEP][PASSED] - navigateToUrl("https://www.google.com"): Navigate to 'https://www.google.com' successfully

2023-06-14 12:23:17 - [MESSAGE][PASSED] - Navigate to 'https://www.google.com' successfully

2023-06-14 12:23:17 - [TEST_STEP][PASSED] - delay(3): Delayed 3 second(s)

2023-06-14 12:23:20 - [MESSAGE][PASSED] - Delayed 3 second(s)

2023-06-14 12:23:20 - [TEST_STEP][PASSED] - closeBrowser(): Browser is closed

2023-06-14 12:23:25 - [MESSAGE][PASSED] - Browser is closed]]></system-out>
         <system-err><![CDATA[]]></system-err>
      </testcase>
      <testcase name="Test Cases/Test Case3" time="95.237" classname="Test Cases/Test Case3" status="PASSED">
         <system-out><![CDATA[2023-06-14 12:23:25 - [TEST_CASE][PASSED] - Test Cases/Test Case3: Test Cases/Test Case3

2023-06-14 12:23:25 - [TEST_STEP][PASSED] - openBrowser(""): Browser is opened with url: ''

2023-06-14 12:23:25 - [MESSAGE][INFO] - User set preference: ['os', 'windows']

2023-06-14 12:23:25 - [MESSAGE][INFO] - User set preference: ['browserName', 'chrome']

2023-06-14 12:23:25 - [MESSAGE][INFO] - User set preference: ['browserVersion', '110']

2023-06-14 12:23:25 - [MESSAGE][INFO] - User set preference: ['katalon:option', '{organizationId=1191551, tunnelId=, usingTunnel=false}']

2023-06-14 12:23:25 - [MESSAGE][INFO] - Connecting to remote web server 'testcloud.katalon.com/hub' with type 'Selenium'

2023-06-14 12:23:25 - [MESSAGE][INFO] - Action delay is set to 0 milliseconds

2023-06-14 12:24:26 - [MESSAGE][PASSED] - Browser is opened with url: ''

2023-06-14 12:24:26 - [TEST_STEP][PASSED] - maximizeWindow(): Current window maximized

2023-06-14 12:24:27 - [MESSAGE][PASSED] - Current window maximized

2023-06-14 12:24:27 - [TEST_STEP][PASSED] - navigateToUrl("http://www.webdriveruniversity.com/Contact-Us/contactus.html"): Navigate to 'http://www.webdriveruniversity.com/Contact-Us/contactus.html' successfully

2023-06-14 12:24:29 - [MESSAGE][PASSED] - Navigate to 'http://www.webdriveruniversity.com/Contact-Us/contactus.html' successfully

2023-06-14 12:24:29 - [TEST_STEP][PASSED] - setText(findTestObject("Object Repository/contacUS/Page_WebDriver  Contact Us/input_CONTACT US_first_name"), "Nikhita"): Text 'Nikhita' is set on object 'Object Repository/contacUS/Page_WebDriver  Contact Us/input_CONTACT US_first_name'

2023-06-14 12:24:34 - [MESSAGE][PASSED] - Text 'Nikhita' is set on object 'Object Repository/contacUS/Page_WebDriver  Contact Us/input_CONTACT US_first_name'

2023-06-14 12:24:34 - [TEST_STEP][PASSED] - setText(findTestObject("Object Repository/contacUS/Page_WebDriver  Contact Us/input_CONTACT US_last_name"), "Ganvir"): Text 'Ganvir' is set on object 'Object Repository/contacUS/Page_WebDriver  Contact Us/input_CONTACT US_last_name'

2023-06-14 12:24:41 - [MESSAGE][PASSED] - Text 'Ganvir' is set on object 'Object Repository/contacUS/Page_WebDriver  Contact Us/input_CONTACT US_last_name'

2023-06-14 12:24:41 - [TEST_STEP][PASSED] - setText(findTestObject("Object Repository/contacUS/Page_WebDriver  Contact Us/input_CONTACT US_email"), "abc@gmail.com"): Text 'abc@gmail.com' is set on object 'Object Repository/contacUS/Page_WebDriver  Contact Us/input_CONTACT US_email'

2023-06-14 12:24:46 - [MESSAGE][PASSED] - Text 'abc@gmail.com' is set on object 'Object Repository/contacUS/Page_WebDriver  Contact Us/input_CONTACT US_email'

2023-06-14 12:24:46 - [TEST_STEP][PASSED] - setText(findTestObject("Object Repository/contacUS/Page_WebDriver  Contact Us/textarea_CONTACT US_message"), "I am learning Katalon."): Text 'I am learning Katalon.' is set on object 'Object Repository/contacUS/Page_WebDriver  Contact Us/textarea_CONTACT US_message'

2023-06-14 12:24:52 - [MESSAGE][PASSED] - Text 'I am learning Katalon.' is set on object 'Object Repository/contacUS/Page_WebDriver  Contact Us/textarea_CONTACT US_message'

2023-06-14 12:24:52 - [TEST_STEP][PASSED] - click(findTestObject("Object Repository/contacUS/Page_WebDriver  Contact Us/input_CONTACT US_contact_button")): Object: 'Object Repository/contacUS/Page_WebDriver  Contact Us/input_CONTACT US_contact_button' is clicked on

2023-06-14 12:24:56 - [MESSAGE][PASSED] - Object: 'Object Repository/contacUS/Page_WebDriver  Contact Us/input_CONTACT US_contact_button' is clicked on

2023-06-14 12:24:56 - [TEST_STEP][PASSED] - click(findTestObject("Object Repository/contacUS/Page_Gianni Bruno - Designer/h1_Thank You for your Message")): Object: 'Object Repository/contacUS/Page_Gianni Bruno - Designer/h1_Thank You for your Message' is clicked on

2023-06-14 12:24:58 - [MESSAGE][PASSED] - Object: 'Object Repository/contacUS/Page_Gianni Bruno - Designer/h1_Thank You for your Message' is clicked on

2023-06-14 12:24:58 - [TEST_STEP][PASSED] - closeBrowser(): Browser is closed

2023-06-14 12:25:00 - [MESSAGE][PASSED] - Browser is closed]]></system-out>
         <system-err><![CDATA[]]></system-err>
      </testcase>
      <system-out><![CDATA[2023-06-14 12:22:04 - [TEST_SUITE][PASSED] - Test Suite2: Test Cases/Test Case3]]></system-out>
      <system-err><![CDATA[]]></system-err>
   </testsuite>
   <testsuite name="Test Suite3" tests="2" failures="0" errors="0" time="193.317" skipped="0" timestamp="2023-06-14 12:25:26" hostname="nikhita.ganvir - INBL01LAP30757.brd.g-c-i.com" id="Test Suites/Test Suite3">
      <properties>
[...]
</properties>
      <testcase name="Test Cases/Test Case2" time="95.211" classname="Test Cases/Test Case2" status="PASSED">
         <system-out><![CDATA[2023-06-14 12:25:26 - [TEST_CASE][PASSED] - Test Cases/Test Case2: Test Cases/Test Case2

2023-06-14 12:25:27 - [TEST_STEP][PASSED] - openBrowser(""): Browser is opened with url: ''

2023-06-14 12:25:28 - [MESSAGE][INFO] - User set preference: ['os', 'windows']

2023-06-14 12:25:28 - [MESSAGE][INFO] - User set preference: ['browserName', 'chrome']

2023-06-14 12:25:28 - [MESSAGE][INFO] - User set preference: ['browserVersion', '110']

2023-06-14 12:25:28 - [MESSAGE][INFO] - User set preference: ['katalon:option', '{organizationId=1191551, tunnelId=, usingTunnel=false}']

2023-06-14 12:25:28 - [MESSAGE][INFO] - Connecting to remote web server 'testcloud.katalon.com/hub' with type 'Selenium'

2023-06-14 12:25:29 - [MESSAGE][INFO] - Action delay is set to 0 milliseconds

2023-06-14 12:26:42 - [MESSAGE][PASSED] - Browser is opened with url: ''

2023-06-14 12:26:42 - [TEST_STEP][PASSED] - navigateToUrl("https://www.youtube.com"): Navigate to 'https://www.youtube.com' successfully

2023-06-14 12:26:49 - [MESSAGE][PASSED] - Navigate to 'https://www.youtube.com' successfully

2023-06-14 12:26:49 - [TEST_STEP][PASSED] - delay(3): Delayed 3 second(s)

2023-06-14 12:26:52 - [MESSAGE][PASSED] - Delayed 3 second(s)

2023-06-14 12:26:52 - [TEST_STEP][PASSED] - closeBrowser(): Browser is closed

2023-06-14 12:27:02 - [MESSAGE][PASSED] - Browser is closed]]></system-out>
         <system-err><![CDATA[]]></system-err>
      </testcase>
      <testcase name="Test Cases/Test Case4" time="97.623" classname="Test Cases/Test Case4" status="PASSED">
         <system-out><![CDATA[2023-06-14 12:27:02 - [TEST_CASE][PASSED] - Test Cases/Test Case4: Test Cases/Test Case4

2023-06-14 12:27:02 - [TEST_STEP][PASSED] - openBrowser(""): Browser is opened with url: ''

2023-06-14 12:27:02 - [MESSAGE][INFO] - User set preference: ['os', 'windows']

2023-06-14 12:27:02 - [MESSAGE][INFO] - User set preference: ['browserName', 'chrome']

2023-06-14 12:27:02 - [MESSAGE][INFO] - User set preference: ['browserVersion', '110']

2023-06-14 12:27:02 - [MESSAGE][INFO] - User set preference: ['katalon:option', '{organizationId=1191551, tunnelId=, usingTunnel=false}']

2023-06-14 12:27:02 - [MESSAGE][INFO] - Connecting to remote web server 'testcloud.katalon.com/hub' with type 'Selenium'

2023-06-14 12:27:02 - [MESSAGE][INFO] - Action delay is set to 0 milliseconds

2023-06-14 12:28:15 - [MESSAGE][PASSED] - Browser is opened with url: ''

2023-06-14 12:28:15 - [TEST_STEP][PASSED] - maximizeWindow(): Current window maximized

2023-06-14 12:28:15 - [MESSAGE][PASSED] - Current window maximized

2023-06-14 12:28:15 - [TEST_STEP][PASSED] - navigateToUrl("https://opensource-demo.orangehrmlive.com/web/index.php/auth/login"): Navigate to 'https://opensource-demo.orangehrmlive.com/web/index.php/auth/login' successfully

2023-06-14 12:28:18 - [MESSAGE][PASSED] - Navigate to 'https://opensource-demo.orangehrmlive.com/web/index.php/auth/login' successfully

2023-06-14 12:28:18 - [TEST_STEP][PASSED] - setText(findTestObject("Object Repository/orangeHRM/Page_OrangeHRM/input_Username_username"), "Admin"): Text 'Admin' is set on object 'Object Repository/orangeHRM/Page_OrangeHRM/input_Username_username'

2023-06-14 12:28:24 - [MESSAGE][PASSED] - Text 'Admin' is set on object 'Object Repository/orangeHRM/Page_OrangeHRM/input_Username_username'

2023-06-14 12:28:24 - [TEST_STEP][PASSED] - setEncryptedText(findTestObject("Object Repository/orangeHRM/Page_OrangeHRM/input_Password_password"), "hUKwJTbofgPU9eVlw/CnDQ=="): Text ****** has been set on object 'Object Repository/orangeHRM/Page_OrangeHRM/input_Password_password'

2023-06-14 12:28:29 - [MESSAGE][PASSED] - Text ****** has been set on object 'Object Repository/orangeHRM/Page_OrangeHRM/input_Password_password'

2023-06-14 12:28:29 - [TEST_STEP][PASSED] - click(findTestObject("Object Repository/orangeHRM/Page_OrangeHRM/button_Login")): Object: 'Object Repository/orangeHRM/Page_OrangeHRM/button_Login' is clicked on

2023-06-14 12:28:34 - [MESSAGE][PASSED] - Object: 'Object Repository/orangeHRM/Page_OrangeHRM/button_Login' is clicked on

2023-06-14 12:28:34 - [TEST_STEP][PASSED] - click(findTestObject("Object Repository/orangeHRM/Page_OrangeHRM/h6_Dashboard")): Object: 'Object Repository/orangeHRM/Page_OrangeHRM/h6_Dashboard' is clicked on

2023-06-14 12:28:37 - [MESSAGE][PASSED] - Object: 'Object Repository/orangeHRM/Page_OrangeHRM/h6_Dashboard' is clicked on

2023-06-14 12:28:37 - [TEST_STEP][PASSED] - closeBrowser(): Browser is closed

2023-06-14 12:28:39 - [MESSAGE][PASSED] - Browser is closed]]></system-out>
         <system-err><![CDATA[]]></system-err>
      </testcase>
      <system-out><![CDATA[2023-06-14 12:25:26 - [TEST_SUITE][PASSED] - Test Suite3: Test Cases/Test Case4]]></system-out>
      <system-err><![CDATA[]]></system-err>
   </testsuite>
</testsuites>
