<?xml version="1.0" encoding="UTF-8"?>
<testsuites name="Test Suite3" time="181.871" tests="2" failures="0" errors="0">
   <testsuite name="Test Suite3" tests="2" failures="0" errors="0" time="181.871" skipped="0" timestamp="2023-06-14 12:34:11" hostname="nikhita.ganvir - INBL01LAP30757.brd.g-c-i.com" id="Test Suites/Test Suite3">
      <properties>
[...]
</properties>
      <testcase name="Test Cases/Test Case2" time="89.118" classname="Test Cases/Test Case2" status="PASSED">
         <system-out><![CDATA[2023-06-14 12:34:11 - [TEST_CASE][PASSED] - Test Cases/Test Case2: Test Cases/Test Case2

2023-06-14 12:34:12 - [TEST_STEP][PASSED] - openBrowser(""): Browser is opened with url: ''

2023-06-14 12:34:13 - [MESSAGE][INFO] - User set preference: ['os', 'windows']

2023-06-14 12:34:13 - [MESSAGE][INFO] - User set preference: ['browserName', 'chrome']

2023-06-14 12:34:13 - [MESSAGE][INFO] - User set preference: ['browserVersion', '110']

2023-06-14 12:34:13 - [MESSAGE][INFO] - User set preference: ['katalon:option', '{organizationId=1191551, tunnelId=, usingTunnel=false}']

2023-06-14 12:34:13 - [MESSAGE][INFO] - Connecting to remote web server 'testcloud.katalon.com/hub' with type 'Selenium'

2023-06-14 12:34:13 - [MESSAGE][INFO] - Action delay is set to 0 milliseconds

2023-06-14 12:35:26 - [MESSAGE][PASSED] - Browser is opened with url: ''

2023-06-14 12:35:26 - [TEST_STEP][PASSED] - navigateToUrl("https://www.youtube.com"): Navigate to 'https://www.youtube.com' successfully

2023-06-14 12:35:31 - [MESSAGE][PASSED] - Navigate to 'https://www.youtube.com' successfully

2023-06-14 12:35:31 - [TEST_STEP][PASSED] - delay(3): Delayed 3 second(s)

2023-06-14 12:35:34 - [MESSAGE][PASSED] - Delayed 3 second(s)

2023-06-14 12:35:34 - [TEST_STEP][PASSED] - closeBrowser(): Browser is closed

2023-06-14 12:35:40 - [MESSAGE][PASSED] - Browser is closed]]></system-out>
         <system-err><![CDATA[]]></system-err>
      </testcase>
      <testcase name="Test Cases/Test Case4" time="92.349" classname="Test Cases/Test Case4" status="PASSED">
         <system-out><![CDATA[2023-06-14 12:35:40 - [TEST_CASE][PASSED] - Test Cases/Test Case4: Test Cases/Test Case4

2023-06-14 12:35:41 - [TEST_STEP][PASSED] - openBrowser(""): Browser is opened with url: ''

2023-06-14 12:35:41 - [MESSAGE][INFO] - User set preference: ['os', 'windows']

2023-06-14 12:35:41 - [MESSAGE][INFO] - User set preference: ['browserName', 'chrome']

2023-06-14 12:35:41 - [MESSAGE][INFO] - User set preference: ['browserVersion', '110']

2023-06-14 12:35:41 - [MESSAGE][INFO] - User set preference: ['katalon:option', '{organizationId=1191551, tunnelId=, usingTunnel=false}']

2023-06-14 12:35:41 - [MESSAGE][INFO] - Connecting to remote web server 'testcloud.katalon.com/hub' with type 'Selenium'

2023-06-14 12:35:41 - [MESSAGE][INFO] - Action delay is set to 0 milliseconds

2023-06-14 12:36:45 - [MESSAGE][PASSED] - Browser is opened with url: ''

2023-06-14 12:36:45 - [TEST_STEP][PASSED] - maximizeWindow(): Current window maximized

2023-06-14 12:36:46 - [MESSAGE][PASSED] - Current window maximized

2023-06-14 12:36:46 - [TEST_STEP][PASSED] - navigateToUrl("https://opensource-demo.orangehrmlive.com/web/index.php/auth/login"): Navigate to 'https://opensource-demo.orangehrmlive.com/web/index.php/auth/login' successfully

2023-06-14 12:36:49 - [MESSAGE][PASSED] - Navigate to 'https://opensource-demo.orangehrmlive.com/web/index.php/auth/login' successfully

2023-06-14 12:36:49 - [TEST_STEP][PASSED] - setText(findTestObject("Object Repository/orangeHRM/Page_OrangeHRM/input_Username_username"), "Admin"): Text 'Admin' is set on object 'Object Repository/orangeHRM/Page_OrangeHRM/input_Username_username'

2023-06-14 12:36:59 - [MESSAGE][PASSED] - Text 'Admin' is set on object 'Object Repository/orangeHRM/Page_OrangeHRM/input_Username_username'

2023-06-14 12:36:59 - [TEST_STEP][PASSED] - setEncryptedText(findTestObject("Object Repository/orangeHRM/Page_OrangeHRM/input_Password_password"), "hUKwJTbofgPU9eVlw/CnDQ=="): Text ****** has been set on object 'Object Repository/orangeHRM/Page_OrangeHRM/input_Password_password'

2023-06-14 12:37:03 - [MESSAGE][PASSED] - Text ****** has been set on object 'Object Repository/orangeHRM/Page_OrangeHRM/input_Password_password'

2023-06-14 12:37:03 - [TEST_STEP][PASSED] - click(findTestObject("Object Repository/orangeHRM/Page_OrangeHRM/button_Login")): Object: 'Object Repository/orangeHRM/Page_OrangeHRM/button_Login' is clicked on

2023-06-14 12:37:07 - [MESSAGE][PASSED] - Object: 'Object Repository/orangeHRM/Page_OrangeHRM/button_Login' is clicked on

2023-06-14 12:37:07 - [TEST_STEP][PASSED] - click(findTestObject("Object Repository/orangeHRM/Page_OrangeHRM/h6_Dashboard")): Object: 'Object Repository/orangeHRM/Page_OrangeHRM/h6_Dashboard' is clicked on

2023-06-14 12:37:11 - [MESSAGE][PASSED] - Object: 'Object Repository/orangeHRM/Page_OrangeHRM/h6_Dashboard' is clicked on

2023-06-14 12:37:11 - [TEST_STEP][PASSED] - closeBrowser(): Browser is closed

2023-06-14 12:37:13 - [MESSAGE][PASSED] - Browser is closed]]></system-out>
         <system-err><![CDATA[]]></system-err>
      </testcase>
      <system-out><![CDATA[2023-06-14 12:34:11 - [TEST_SUITE][PASSED] - Test Suite3: Test Cases/Test Case4]]></system-out>
      <system-err><![CDATA[]]></system-err>
   </testsuite>
</testsuites>
